{"/Users/mclancy/Documents/amplify/adventure-backend/src/google-sheets/google-sheets.ts": {"path":"/Users/mclancy/Documents/amplify/adventure-backend/src/google-sheets/google-sheets.ts","statementMap":{"0":{"start":{"line":12,"column":0},"end":{"line":12,"column":22}},"1":{"start":{"line":1,"column":0},"end":{"line":1,"column":47}},"2":{"start":{"line":2,"column":0},"end":{"line":2,"column":24}},"3":{"start":{"line":6,"column":20},"end":{"line":6,"column":66}},"4":{"start":{"line":7,"column":37},"end":{"line":10,"column":2}},"5":{"start":{"line":13,"column":19},"end":{"line":13,"column":70}},"6":{"start":{"line":15,"column":4},"end":{"line":17,"column":5}},"7":{"start":{"line":16,"column":8},"end":{"line":16,"column":null}},"8":{"start":{"line":18,"column":19},"end":{"line":18,"column":65}},"9":{"start":{"line":20,"column":4},"end":{"line":20,"column":18}}},"fnMap":{"0":{"name":"getSheetsClient","decl":{"start":{"line":12,"column":22},"end":{"line":12,"column":37}},"loc":{"start":{"line":12,"column":37},"end":{"line":21,"column":null}}}},"branchMap":{"0":{"loc":{"start":{"line":15,"column":4},"end":{"line":17,"column":5}},"type":"if","locations":[{"start":{"line":15,"column":4},"end":{"line":17,"column":5}}]}},"s":{"0":1,"1":1,"2":1,"3":1,"4":1,"5":1,"6":1,"7":0,"8":1,"9":1},"f":{"0":1},"b":{"0":[0]}}
,"/Users/mclancy/Documents/amplify/adventure-backend/src/ssm/ssm-client.ts": {"path":"/Users/mclancy/Documents/amplify/adventure-backend/src/ssm/ssm-client.ts","statementMap":{"0":{"start":{"line":1,"column":0},"end":{"line":1,"column":48}},"1":{"start":{"line":3,"column":13},"end":{"line":3,"column":64}}},"fnMap":{},"branchMap":{},"s":{"0":1,"1":1},"f":{},"b":{}}
,"/Users/mclancy/Documents/amplify/adventure-backend/src/stock-tracker/index.ts": {"path":"/Users/mclancy/Documents/amplify/adventure-backend/src/stock-tracker/index.ts","statementMap":{"0":{"start":{"line":23,"column":0},"end":{"line":23,"column":22}},"1":{"start":{"line":2,"column":0},"end":{"line":2,"column":50}},"2":{"start":{"line":4,"column":0},"end":{"line":4,"column":84}},"3":{"start":{"line":5,"column":0},"end":{"line":5,"column":46}},"4":{"start":{"line":6,"column":0},"end":{"line":6,"column":65}},"5":{"start":{"line":25,"column":4},"end":{"line":25,"column":37}},"6":{"start":{"line":27,"column":20},"end":{"line":27,"column":66}},"7":{"start":{"line":28,"column":74},"end":{"line":31,"column":null}},"8":{"start":{"line":32,"column":23},"end":{"line":32,"column":71}},"9":{"start":{"line":34,"column":4},"end":{"line":41,"column":5}},"10":{"start":{"line":35,"column":8},"end":{"line":40,"column":9}},"11":{"start":{"line":36,"column":30},"end":{"line":36,"column":39}},"12":{"start":{"line":37,"column":47},"end":{"line":37,"column":116}},"13":{"start":{"line":38,"column":57},"end":{"line":38,"column":132}},"14":{"start":{"line":39,"column":12},"end":{"line":39,"column":90}},"15":{"start":{"line":45,"column":53},"end":{"line":48,"column":8}},"16":{"start":{"line":50,"column":31},"end":{"line":50,"column":70}},"17":{"start":{"line":51,"column":29},"end":{"line":51,"column":67}},"18":{"start":{"line":52,"column":23},"end":{"line":52,"column":47}},"19":{"start":{"line":53,"column":6},"end":{"line":55,"column":7}},"20":{"start":{"line":54,"column":8},"end":{"line":54,"column":null}},"21":{"start":{"line":57,"column":6},"end":{"line":57,"column":null}},"22":{"start":{"line":61,"column":37},"end":{"line":66,"column":8}},"23":{"start":{"line":68,"column":19},"end":{"line":68,"column":46}},"24":{"start":{"line":69,"column":21},"end":{"line":69,"column":71}},"25":{"start":{"line":70,"column":4},"end":{"line":70,"column":56}},"26":{"start":{"line":74,"column":39},"end":{"line":79,"column":10}},"27":{"start":{"line":81,"column":21},"end":{"line":81,"column":48}},"28":{"start":{"line":83,"column":6},"end":{"line":83,"column":25}},"29":{"start":{"line":87,"column":18},"end":{"line":87,"column":42}},"30":{"start":{"line":88,"column":77},"end":{"line":107,"column":null}},"31":{"start":{"line":109,"column":4},"end":{"line":109,"column":57}}},"fnMap":{"0":{"name":"dataLoaderHandler","decl":{"start":{"line":23,"column":22},"end":{"line":23,"column":39}},"loc":{"start":{"line":23,"column":39},"end":{"line":42,"column":null}}},"1":{"name":"getAlphaKey","decl":{"start":{"line":44,"column":15},"end":{"line":44,"column":26}},"loc":{"start":{"line":44,"column":26},"end":{"line":58,"column":null}}},"2":{"name":"getCurrentPrice","decl":{"start":{"line":60,"column":15},"end":{"line":60,"column":30}},"loc":{"start":{"line":60,"column":63},"end":{"line":71,"column":null}}},"3":{"name":"getCompanyInformation","decl":{"start":{"line":73,"column":17},"end":{"line":73,"column":38}},"loc":{"start":{"line":73,"column":71},"end":{"line":84,"column":null}}},"4":{"name":"updateSpreadsheet","decl":{"start":{"line":86,"column":15},"end":{"line":86,"column":32}},"loc":{"start":{"line":86,"column":127},"end":{"line":110,"column":null}}}},"branchMap":{"0":{"loc":{"start":{"line":34,"column":4},"end":{"line":41,"column":5}},"type":"if","locations":[{"start":{"line":34,"column":4},"end":{"line":41,"column":5}}]},"1":{"loc":{"start":{"line":35,"column":40},"end":{"line":35,"column":73}},"type":"cond-expr","locations":[{"start":{"line":35,"column":62},"end":{"line":35,"column":64}},{"start":{"line":35,"column":62},"end":{"line":35,"column":73}}]},"2":{"loc":{"start":{"line":35,"column":40},"end":{"line":35,"column":64}},"type":"binary-expr","locations":[{"start":{"line":35,"column":40},"end":{"line":35,"column":64}},{"start":{"line":35,"column":62},"end":{"line":35,"column":64}}]},"3":{"loc":{"start":{"line":53,"column":6},"end":{"line":55,"column":7}},"type":"if","locations":[{"start":{"line":53,"column":6},"end":{"line":55,"column":7}}]},"4":{"loc":{"start":{"line":53,"column":9},"end":{"line":53,"column":37}},"type":"binary-expr","locations":[{"start":{"line":53,"column":9},"end":{"line":53,"column":18}},{"start":{"line":53,"column":22},"end":{"line":53,"column":37}}]}},"s":{"0":1,"1":1,"2":1,"3":1,"4":1,"5":0,"6":0,"7":0,"8":0,"9":0,"10":0,"11":0,"12":0,"13":0,"14":0,"15":0,"16":0,"17":0,"18":0,"19":0,"20":0,"21":0,"22":0,"23":0,"24":0,"25":0,"26":0,"27":0,"28":0,"29":0,"30":0,"31":0},"f":{"0":0,"1":0,"2":0,"3":0,"4":0},"b":{"0":[0],"1":[0,0],"2":[0,0],"3":[0],"4":[0,0]}}
,"/Users/mclancy/Documents/amplify/adventure-backend/src/stock-tracker/stock-evaluator.ts": {"path":"/Users/mclancy/Documents/amplify/adventure-backend/src/stock-tracker/stock-evaluator.ts","statementMap":{"0":{"start":{"line":20,"column":0},"end":{"line":20,"column":22}},"1":{"start":{"line":2,"column":0},"end":{"line":2,"column":50}},"2":{"start":{"line":4,"column":0},"end":{"line":4,"column":84}},"3":{"start":{"line":5,"column":0},"end":{"line":5,"column":46}},"4":{"start":{"line":6,"column":0},"end":{"line":6,"column":65}},"5":{"start":{"line":7,"column":0},"end":{"line":7,"column":54}},"6":{"start":{"line":22,"column":4},"end":{"line":22,"column":37}},"7":{"start":{"line":24,"column":20},"end":{"line":24,"column":66}},"8":{"start":{"line":25,"column":74},"end":{"line":28,"column":null}},"9":{"start":{"line":29,"column":23},"end":{"line":29,"column":71}},"10":{"start":{"line":31,"column":4},"end":{"line":50,"column":5}},"11":{"start":{"line":32,"column":8},"end":{"line":49,"column":9}},"12":{"start":{"line":33,"column":34},"end":{"line":33,"column":62}},"13":{"start":{"line":34,"column":30},"end":{"line":34,"column":39}},"14":{"start":{"line":35,"column":60},"end":{"line":35,"column":161}},"15":{"start":{"line":36,"column":66},"end":{"line":36,"column":162}},"16":{"start":{"line":37,"column":39},"end":{"line":37,"column":73}},"17":{"start":{"line":38,"column":37},"end":{"line":46,"column":null}},"18":{"start":{"line":44,"column":55},"end":{"line":44,"column":68}},"19":{"start":{"line":45,"column":57},"end":{"line":45,"column":71}},"20":{"start":{"line":48,"column":12},"end":{"line":48,"column":79}},"21":{"start":{"line":54,"column":53},"end":{"line":57,"column":8}},"22":{"start":{"line":59,"column":31},"end":{"line":59,"column":70}},"23":{"start":{"line":60,"column":29},"end":{"line":60,"column":67}},"24":{"start":{"line":61,"column":23},"end":{"line":61,"column":47}},"25":{"start":{"line":62,"column":6},"end":{"line":64,"column":7}},"26":{"start":{"line":63,"column":8},"end":{"line":63,"column":null}},"27":{"start":{"line":66,"column":6},"end":{"line":66,"column":null}},"28":{"start":{"line":70,"column":36},"end":{"line":70,"column":38}},"29":{"start":{"line":71,"column":4},"end":{"line":75,"column":null}},"30":{"start":{"line":72,"column":8},"end":{"line":74,"column":9}},"31":{"start":{"line":73,"column":12},"end":{"line":73,"column":42}},"32":{"start":{"line":76,"column":4},"end":{"line":76,"column":null}},"33":{"start":{"line":80,"column":25},"end":{"line":80,"column":44}},"34":{"start":{"line":82,"column":37},"end":{"line":87,"column":8}},"35":{"start":{"line":89,"column":53},"end":{"line":89,"column":93}},"36":{"start":{"line":91,"column":48},"end":{"line":91,"column":90}},"37":{"start":{"line":92,"column":22},"end":{"line":92,"column":52}},"38":{"start":{"line":93,"column":25},"end":{"line":93,"column":65}},"39":{"start":{"line":94,"column":4},"end":{"line":94,"column":61}},"40":{"start":{"line":98,"column":18},"end":{"line":98,"column":37}},"41":{"start":{"line":100,"column":37},"end":{"line":105,"column":6}},"42":{"start":{"line":107,"column":38},"end":{"line":107,"column":72}},"43":{"start":{"line":109,"column":45},"end":{"line":112,"column":7}},"44":{"start":{"line":109,"column":70},"end":{"line":112,"column":6}},"45":{"start":{"line":113,"column":4},"end":{"line":113,"column":34}},"46":{"start":{"line":115,"column":4},"end":{"line":117,"column":null}},"47":{"start":{"line":116,"column":8},"end":{"line":116,"column":null}},"48":{"start":{"line":119,"column":52},"end":{"line":121,"column":7}},"49":{"start":{"line":119,"column":77},"end":{"line":121,"column":6}},"50":{"start":{"line":123,"column":4},"end":{"line":123,"column":57}},"51":{"start":{"line":127,"column":26},"end":{"line":127,"column":84}},"52":{"start":{"line":127,"column":60},"end":{"line":127,"column":83}},"53":{"start":{"line":128,"column":21},"end":{"line":128,"column":108}},"54":{"start":{"line":128,"column":75},"end":{"line":128,"column":104}},"55":{"start":{"line":129,"column":4},"end":{"line":129,"column":43}},"56":{"start":{"line":133,"column":4},"end":{"line":133,"column":null}},"57":{"start":{"line":134,"column":18},"end":{"line":134,"column":42}},"58":{"start":{"line":135,"column":77},"end":{"line":157,"column":null}},"59":{"start":{"line":159,"column":4},"end":{"line":159,"column":57}},"60":{"start":{"line":163,"column":20},"end":{"line":163,"column":109}},"61":{"start":{"line":163,"column":83},"end":{"line":163,"column":105}},"62":{"start":{"line":164,"column":19},"end":{"line":164,"column":108}},"63":{"start":{"line":164,"column":82},"end":{"line":164,"column":104}},"64":{"start":{"line":166,"column":4},"end":{"line":166,"column":75}},"65":{"start":{"line":170,"column":22},"end":{"line":170,"column":44}},"66":{"start":{"line":171,"column":18},"end":{"line":171,"column":49}},"67":{"start":{"line":172,"column":27},"end":{"line":172,"column":51}},"68":{"start":{"line":173,"column":16},"end":{"line":173,"column":52}},"69":{"start":{"line":174,"column":4},"end":{"line":174,"column":null}}},"fnMap":{"0":{"name":"stockEvaluator","decl":{"start":{"line":20,"column":22},"end":{"line":20,"column":36}},"loc":{"start":{"line":20,"column":36},"end":{"line":51,"column":null}}},"1":{"name":"(anonymous_10)","decl":{"start":{"line":44,"column":50},"end":{"line":44,"column":51}},"loc":{"start":{"line":44,"column":55},"end":{"line":44,"column":68}}},"2":{"name":"(anonymous_11)","decl":{"start":{"line":45,"column":52},"end":{"line":45,"column":53}},"loc":{"start":{"line":45,"column":57},"end":{"line":45,"column":71}}},"3":{"name":"getAlphaKey","decl":{"start":{"line":53,"column":15},"end":{"line":53,"column":26}},"loc":{"start":{"line":53,"column":26},"end":{"line":67,"column":null}}},"4":{"name":"findIndexesToSkip","decl":{"start":{"line":69,"column":9},"end":{"line":69,"column":26}},"loc":{"start":{"line":69,"column":43},"end":{"line":77,"column":1}}},"5":{"name":"(anonymous_15)","decl":{"start":{"line":71,"column":19},"end":{"line":71,"column":20}},"loc":{"start":{"line":71,"column":48},"end":{"line":75,"column":5}}},"6":{"name":"getHistoricalHighAndLowAverages","decl":{"start":{"line":79,"column":15},"end":{"line":79,"column":46}},"loc":{"start":{"line":79,"column":81},"end":{"line":95,"column":null}}},"7":{"name":"getEarnings","decl":{"start":{"line":97,"column":17},"end":{"line":97,"column":28}},"loc":{"start":{"line":97,"column":88},"end":{"line":124,"column":null}}},"8":{"name":"(anonymous_20)","decl":{"start":{"line":109,"column":64},"end":{"line":109,"column":65}},"loc":{"start":{"line":109,"column":70},"end":{"line":112,"column":6}}},"9":{"name":"(anonymous_21)","decl":{"start":{"line":115,"column":26},"end":{"line":115,"column":27}},"loc":{"start":{"line":115,"column":32},"end":{"line":117,"column":5}}},"10":{"name":"(anonymous_22)","decl":{"start":{"line":119,"column":71},"end":{"line":119,"column":72}},"loc":{"start":{"line":119,"column":77},"end":{"line":121,"column":6}}},"11":{"name":"getAverageEps","decl":{"start":{"line":126,"column":9},"end":{"line":126,"column":22}},"loc":{"start":{"line":126,"column":55},"end":{"line":130,"column":1}}},"12":{"name":"(anonymous_24)","decl":{"start":{"line":127,"column":53},"end":{"line":127,"column":56}},"loc":{"start":{"line":127,"column":60},"end":{"line":127,"column":83}}},"13":{"name":"(anonymous_25)","decl":{"start":{"line":128,"column":42},"end":{"line":128,"column":43}},"loc":{"start":{"line":128,"column":75},"end":{"line":128,"column":104}}},"14":{"name":"updateSpreadsheet","decl":{"start":{"line":132,"column":15},"end":{"line":132,"column":32}},"loc":{"start":{"line":132,"column":95},"end":{"line":160,"column":null}}},"15":{"name":"getHighAndLowAverages","decl":{"start":{"line":162,"column":9},"end":{"line":162,"column":30}},"loc":{"start":{"line":162,"column":63},"end":{"line":167,"column":1}}},"16":{"name":"(anonymous_29)","decl":{"start":{"line":163,"column":41},"end":{"line":163,"column":42}},"loc":{"start":{"line":163,"column":83},"end":{"line":163,"column":105}}},"17":{"name":"(anonymous_30)","decl":{"start":{"line":164,"column":40},"end":{"line":164,"column":41}},"loc":{"start":{"line":164,"column":82},"end":{"line":164,"column":104}}},"18":{"name":"getStockDateRange","decl":{"start":{"line":169,"column":9},"end":{"line":169,"column":26}},"loc":{"start":{"line":169,"column":26},"end":{"line":175,"column":1}}}},"branchMap":{"0":{"loc":{"start":{"line":31,"column":4},"end":{"line":50,"column":5}},"type":"if","locations":[{"start":{"line":31,"column":4},"end":{"line":50,"column":5}}]},"1":{"loc":{"start":{"line":32,"column":40},"end":{"line":32,"column":73}},"type":"cond-expr","locations":[{"start":{"line":32,"column":62},"end":{"line":32,"column":64}},{"start":{"line":32,"column":62},"end":{"line":32,"column":73}}]},"2":{"loc":{"start":{"line":32,"column":40},"end":{"line":32,"column":64}},"type":"binary-expr","locations":[{"start":{"line":32,"column":40},"end":{"line":32,"column":64}},{"start":{"line":32,"column":62},"end":{"line":32,"column":64}}]},"3":{"loc":{"start":{"line":62,"column":6},"end":{"line":64,"column":7}},"type":"if","locations":[{"start":{"line":62,"column":6},"end":{"line":64,"column":7}}]},"4":{"loc":{"start":{"line":62,"column":9},"end":{"line":62,"column":37}},"type":"binary-expr","locations":[{"start":{"line":62,"column":9},"end":{"line":62,"column":18}},{"start":{"line":62,"column":22},"end":{"line":62,"column":37}}]},"5":{"loc":{"start":{"line":72,"column":8},"end":{"line":74,"column":9}},"type":"if","locations":[{"start":{"line":72,"column":8},"end":{"line":74,"column":9}}]},"6":{"loc":{"start":{"line":110,"column":21},"end":{"line":110,"column":156}},"type":"cond-expr","locations":[{"start":{"line":110,"column":80},"end":{"line":110,"column":150}},{"start":{"line":110,"column":153},"end":{"line":110,"column":156}}]},"7":{"loc":{"start":{"line":141,"column":12},"end":{"line":141,"column":57}},"type":"cond-expr","locations":[{"start":{"line":141,"column":34},"end":{"line":141,"column":53}},{"start":{"line":141,"column":55},"end":{"line":141,"column":57}}]},"8":{"loc":{"start":{"line":142,"column":12},"end":{"line":142,"column":57}},"type":"cond-expr","locations":[{"start":{"line":142,"column":34},"end":{"line":142,"column":53}},{"start":{"line":142,"column":55},"end":{"line":142,"column":57}}]},"9":{"loc":{"start":{"line":143,"column":12},"end":{"line":143,"column":57}},"type":"cond-expr","locations":[{"start":{"line":143,"column":34},"end":{"line":143,"column":53}},{"start":{"line":143,"column":55},"end":{"line":143,"column":57}}]},"10":{"loc":{"start":{"line":144,"column":12},"end":{"line":144,"column":57}},"type":"cond-expr","locations":[{"start":{"line":144,"column":34},"end":{"line":144,"column":53}},{"start":{"line":144,"column":55},"end":{"line":144,"column":57}}]},"11":{"loc":{"start":{"line":145,"column":12},"end":{"line":145,"column":57}},"type":"cond-expr","locations":[{"start":{"line":145,"column":34},"end":{"line":145,"column":53}},{"start":{"line":145,"column":55},"end":{"line":145,"column":57}}]},"12":{"loc":{"start":{"line":146,"column":12},"end":{"line":146,"column":56}},"type":"cond-expr","locations":[{"start":{"line":146,"column":33},"end":{"line":146,"column":51}},{"start":{"line":146,"column":54},"end":{"line":146,"column":56}}]},"13":{"loc":{"start":{"line":147,"column":12},"end":{"line":147,"column":56}},"type":"cond-expr","locations":[{"start":{"line":147,"column":33},"end":{"line":147,"column":51}},{"start":{"line":147,"column":54},"end":{"line":147,"column":56}}]},"14":{"loc":{"start":{"line":148,"column":12},"end":{"line":148,"column":56}},"type":"cond-expr","locations":[{"start":{"line":148,"column":33},"end":{"line":148,"column":51}},{"start":{"line":148,"column":54},"end":{"line":148,"column":56}}]},"15":{"loc":{"start":{"line":149,"column":12},"end":{"line":149,"column":56}},"type":"cond-expr","locations":[{"start":{"line":149,"column":33},"end":{"line":149,"column":51}},{"start":{"line":149,"column":54},"end":{"line":149,"column":56}}]},"16":{"loc":{"start":{"line":150,"column":12},"end":{"line":150,"column":56}},"type":"cond-expr","locations":[{"start":{"line":150,"column":33},"end":{"line":150,"column":51}},{"start":{"line":150,"column":54},"end":{"line":150,"column":56}}]}},"s":{"0":1,"1":1,"2":1,"3":1,"4":1,"5":1,"6":1,"7":1,"8":1,"9":1,"10":1,"11":1,"12":2,"13":2,"14":2,"15":2,"16":2,"17":2,"18":10,"19":10,"20":2,"21":0,"22":0,"23":0,"24":0,"25":0,"26":0,"27":0,"28":2,"29":2,"30":22,"31":0,"32":2,"33":2,"34":2,"35":2,"36":2,"37":2,"38":2,"39":2,"40":2,"41":2,"42":2,"43":2,"44":10,"45":2,"46":2,"47":0,"48":2,"49":10,"50":2,"51":2,"52":10,"53":2,"54":10,"55":2,"56":2,"57":2,"58":2,"59":2,"60":2,"61":50,"62":2,"63":50,"64":2,"65":4,"66":4,"67":4,"68":4,"69":4},"f":{"0":1,"1":10,"2":10,"3":0,"4":2,"5":22,"6":2,"7":2,"8":10,"9":0,"10":10,"11":2,"12":10,"13":10,"14":2,"15":2,"16":50,"17":50,"18":4},"b":{"0":[1],"1":[0,1],"2":[1,1],"3":[0],"4":[0,0],"5":[0],"6":[10,0],"7":[2,0],"8":[2,0],"9":[2,0],"10":[2,0],"11":[2,0],"12":[2,0],"13":[2,0],"14":[2,0],"15":[2,0],"16":[2,0]}}
}
