TN:
SF:google-sheets/google-sheets.ts
FN:12,getSheetsClient
FNF:1
FNH:1
FNDA:1,getSheetsClient
DA:1,1
DA:2,1
DA:6,1
DA:7,1
DA:12,1
DA:13,1
DA:15,1
DA:16,0
DA:18,1
DA:20,1
LF:10
LH:9
BRDA:15,0,0,0
BRF:1
BRH:0
end_of_record
TN:
SF:ssm/ssm-client.ts
FNF:0
FNH:0
DA:1,1
DA:3,1
LF:2
LH:2
BRF:0
BRH:0
end_of_record
TN:
SF:stock-tracker/index.ts
FN:23,dataLoaderHandler
FN:44,getAlphaKey
FN:60,getCurrentPrice
FN:73,getCompanyInformation
FN:86,updateSpreadsheet
FNF:5
FNH:0
FNDA:0,dataLoaderHandler
FNDA:0,getAlphaKey
FNDA:0,getCurrentPrice
FNDA:0,getCompanyInformation
FNDA:0,updateSpreadsheet
DA:2,1
DA:4,1
DA:5,1
DA:6,1
DA:23,1
DA:25,0
DA:27,0
DA:28,0
DA:32,0
DA:34,0
DA:35,0
DA:36,0
DA:37,0
DA:38,0
DA:39,0
DA:45,0
DA:50,0
DA:51,0
DA:52,0
DA:53,0
DA:54,0
DA:57,0
DA:61,0
DA:68,0
DA:69,0
DA:70,0
DA:74,0
DA:81,0
DA:83,0
DA:87,0
DA:88,0
DA:109,0
LF:32
LH:5
BRDA:34,0,0,0
BRDA:35,1,0,0
BRDA:35,1,1,0
BRDA:35,2,0,0
BRDA:35,2,1,0
BRDA:53,3,0,0
BRDA:53,4,0,0
BRDA:53,4,1,0
BRF:8
BRH:0
end_of_record
TN:
SF:stock-tracker/stock-evaluator.ts
FN:20,stockEvaluator
FN:44,(anonymous_10)
FN:45,(anonymous_11)
FN:53,getAlphaKey
FN:69,findIndexesToSkip
FN:71,(anonymous_15)
FN:79,getHistoricalHighAndLowAverages
FN:97,getEarnings
FN:109,(anonymous_20)
FN:115,(anonymous_21)
FN:119,(anonymous_22)
FN:126,getAverageEps
FN:127,(anonymous_24)
FN:128,(anonymous_25)
FN:132,updateSpreadsheet
FN:162,getHighAndLowAverages
FN:163,(anonymous_29)
FN:164,(anonymous_30)
FN:169,getStockDateRange
FNF:19
FNH:17
FNDA:1,stockEvaluator
FNDA:10,(anonymous_10)
FNDA:10,(anonymous_11)
FNDA:0,getAlphaKey
FNDA:2,findIndexesToSkip
FNDA:22,(anonymous_15)
FNDA:2,getHistoricalHighAndLowAverages
FNDA:2,getEarnings
FNDA:10,(anonymous_20)
FNDA:0,(anonymous_21)
FNDA:10,(anonymous_22)
FNDA:2,getAverageEps
FNDA:10,(anonymous_24)
FNDA:10,(anonymous_25)
FNDA:2,updateSpreadsheet
FNDA:2,getHighAndLowAverages
FNDA:50,(anonymous_29)
FNDA:50,(anonymous_30)
FNDA:4,getStockDateRange
DA:2,1
DA:4,1
DA:5,1
DA:6,1
DA:7,1
DA:20,1
DA:22,1
DA:24,1
DA:25,1
DA:29,1
DA:31,1
DA:32,1
DA:33,2
DA:34,2
DA:35,2
DA:36,2
DA:37,2
DA:38,2
DA:44,10
DA:45,10
DA:48,2
DA:54,0
DA:59,0
DA:60,0
DA:61,0
DA:62,0
DA:63,0
DA:66,0
DA:70,2
DA:71,2
DA:72,22
DA:73,0
DA:76,2
DA:80,2
DA:82,2
DA:89,2
DA:91,2
DA:92,2
DA:93,2
DA:94,2
DA:98,2
DA:100,2
DA:107,2
DA:109,10
DA:113,2
DA:115,2
DA:116,0
DA:119,10
DA:123,2
DA:127,10
DA:128,10
DA:129,2
DA:133,2
DA:134,2
DA:135,2
DA:159,2
DA:163,50
DA:164,50
DA:166,2
DA:170,4
DA:171,4
DA:172,4
DA:173,4
DA:174,4
LF:64
LH:55
BRDA:31,0,0,1
BRDA:32,1,0,0
BRDA:32,1,1,1
BRDA:32,2,0,1
BRDA:32,2,1,1
BRDA:62,3,0,0
BRDA:62,4,0,0
BRDA:62,4,1,0
BRDA:72,5,0,0
BRDA:110,6,0,10
BRDA:110,6,1,0
BRDA:141,7,0,2
BRDA:141,7,1,0
BRDA:142,8,0,2
BRDA:142,8,1,0
BRDA:143,9,0,2
BRDA:143,9,1,0
BRDA:144,10,0,2
BRDA:144,10,1,0
BRDA:145,11,0,2
BRDA:145,11,1,0
BRDA:146,12,0,2
BRDA:146,12,1,0
BRDA:147,13,0,2
BRDA:147,13,1,0
BRDA:148,14,0,2
BRDA:148,14,1,0
BRDA:149,15,0,2
BRDA:149,15,1,0
BRDA:150,16,0,2
BRDA:150,16,1,0
BRF:31
BRH:15
end_of_record
